[0.006s] Invoking command in '/home/birajith/Documents/Robotics/final-project-robosoulz/build/qbot_description': CMAKE_PREFIX_PATH=${CMAKE_PREFIX_PATH}:/opt/ros/jazzy DEBUGINFOD_URLS=https://debuginfod.ubuntu.com /usr/bin/cmake /home/birajith/Documents/Robotics/final-project-robosoulz/src/qbot_description -DCMAKE_INSTALL_PREFIX=/home/birajith/Documents/Robotics/final-project-robosoulz/install/qbot_description
[0.082s] -- The C compiler identification is GNU 13.3.0
[0.143s] -- The CXX compiler identification is GNU 13.3.0
[0.154s] -- Detecting C compiler ABI info
[0.215s] -- Detecting C compiler ABI info - done
[0.221s] -- Check for working C compiler: /usr/bin/cc - skipped
[0.221s] -- Detecting C compile features
[0.222s] -- Detecting C compile features - done
[0.228s] -- Detecting CXX compiler ABI info
[0.287s] -- Detecting CXX compiler ABI info - done
[0.294s] -- Check for working CXX compiler: /usr/bin/c++ - skipped
[0.294s] -- Detecting CXX compile features
[0.294s] -- Detecting CXX compile features - done
[0.303s] -- Found ament_cmake: 2.5.5 (/opt/ros/jazzy/share/ament_cmake/cmake)
[0.402s] -- Found Python3: /usr/bin/python3 (found version "3.12.3") found components: Interpreter 
[0.494s] -- Found ament_lint_auto: 0.17.4 (/opt/ros/jazzy/share/ament_lint_auto/cmake)
[0.554s] -- Configuring done (0.5s)
[0.555s] -- Generating done (0.0s)
[0.556s] -- Build files have been written to: /home/birajith/Documents/Robotics/final-project-robosoulz/build/qbot_description
[0.560s] Invoked command in '/home/birajith/Documents/Robotics/final-project-robosoulz/build/qbot_description' returned '0': CMAKE_PREFIX_PATH=${CMAKE_PREFIX_PATH}:/opt/ros/jazzy DEBUGINFOD_URLS=https://debuginfod.ubuntu.com /usr/bin/cmake /home/birajith/Documents/Robotics/final-project-robosoulz/src/qbot_description -DCMAKE_INSTALL_PREFIX=/home/birajith/Documents/Robotics/final-project-robosoulz/install/qbot_description
[0.560s] Invoking command in '/home/birajith/Documents/Robotics/final-project-robosoulz/build/qbot_description': CMAKE_PREFIX_PATH=${CMAKE_PREFIX_PATH}:/opt/ros/jazzy DEBUGINFOD_URLS=https://debuginfod.ubuntu.com /usr/bin/cmake --build /home/birajith/Documents/Robotics/final-project-robosoulz/build/qbot_description -- -j16 -l16
[0.584s] Invoked command in '/home/birajith/Documents/Robotics/final-project-robosoulz/build/qbot_description' returned '0': CMAKE_PREFIX_PATH=${CMAKE_PREFIX_PATH}:/opt/ros/jazzy DEBUGINFOD_URLS=https://debuginfod.ubuntu.com /usr/bin/cmake --build /home/birajith/Documents/Robotics/final-project-robosoulz/build/qbot_description -- -j16 -l16
[0.590s] Invoking command in '/home/birajith/Documents/Robotics/final-project-robosoulz/build/qbot_description': CMAKE_PREFIX_PATH=${CMAKE_PREFIX_PATH}:/opt/ros/jazzy DEBUGINFOD_URLS=https://debuginfod.ubuntu.com /usr/bin/cmake --install /home/birajith/Documents/Robotics/final-project-robosoulz/build/qbot_description
[0.595s] -- Install configuration: ""
[0.595s] -- Installing: /home/birajith/Documents/Robotics/final-project-robosoulz/install/qbot_description/share/qbot_description/urdf
[0.595s] -- Installing: /home/birajith/Documents/Robotics/final-project-robosoulz/install/qbot_description/share/qbot_description/urdf/qbot.urdf
[0.595s] -- Installing: /home/birajith/Documents/Robotics/final-project-robosoulz/install/qbot_description/share/qbot_description/launch
[0.595s] -- Installing: /home/birajith/Documents/Robotics/final-project-robosoulz/install/qbot_description/share/qbot_description/launch/display.launch.py
[0.595s] -- Installing: /home/birajith/Documents/Robotics/final-project-robosoulz/install/qbot_description/share/qbot_description/launch/gazebo_ros2_control.launch.py
[0.595s] -- Installing: /home/birajith/Documents/Robotics/final-project-robosoulz/install/qbot_description/share/qbot_description/launch/gazebo.launch.py
[0.595s] -- Installing: /home/birajith/Documents/Robotics/final-project-robosoulz/install/qbot_description/share/qbot_description/launch/simulation.launch.py
[0.595s] -- Installing: /home/birajith/Documents/Robotics/final-project-robosoulz/install/qbot_description/share/qbot_description/rviz
[0.596s] -- Installing: /home/birajith/Documents/Robotics/final-project-robosoulz/install/qbot_description/share/qbot_description/rviz/qbot.rviz
[0.596s] -- Installing: /home/birajith/Documents/Robotics/final-project-robosoulz/install/qbot_description/share/qbot_description/sdf
[0.596s] -- Installing: /home/birajith/Documents/Robotics/final-project-robosoulz/install/qbot_description/share/qbot_description/sdf/qbot.sdf
[0.596s] -- Installing: /home/birajith/Documents/Robotics/final-project-robosoulz/install/qbot_description/share/qbot_description/sdf/qbot_world.sdf
[0.596s] -- Installing: /home/birajith/Documents/Robotics/final-project-robosoulz/install/qbot_description/share/qbot_description/config
[0.596s] -- Installing: /home/birajith/Documents/Robotics/final-project-robosoulz/install/qbot_description/share/qbot_description/config/qbot_controllers.yaml
[0.596s] -- Installing: /home/birajith/Documents/Robotics/final-project-robosoulz/install/qbot_description/share/ament_index/resource_index/package_run_dependencies/qbot_description
[0.596s] -- Installing: /home/birajith/Documents/Robotics/final-project-robosoulz/install/qbot_description/share/ament_index/resource_index/parent_prefix_path/qbot_description
[0.596s] -- Installing: /home/birajith/Documents/Robotics/final-project-robosoulz/install/qbot_description/share/qbot_description/environment/ament_prefix_path.sh
[0.596s] -- Installing: /home/birajith/Documents/Robotics/final-project-robosoulz/install/qbot_description/share/qbot_description/environment/ament_prefix_path.dsv
[0.596s] -- Installing: /home/birajith/Documents/Robotics/final-project-robosoulz/install/qbot_description/share/qbot_description/environment/path.sh
[0.596s] -- Installing: /home/birajith/Documents/Robotics/final-project-robosoulz/install/qbot_description/share/qbot_description/environment/path.dsv
[0.596s] -- Installing: /home/birajith/Documents/Robotics/final-project-robosoulz/install/qbot_description/share/qbot_description/local_setup.bash
[0.596s] -- Installing: /home/birajith/Documents/Robotics/final-project-robosoulz/install/qbot_description/share/qbot_description/local_setup.sh
[0.596s] -- Installing: /home/birajith/Documents/Robotics/final-project-robosoulz/install/qbot_description/share/qbot_description/local_setup.zsh
[0.596s] -- Installing: /home/birajith/Documents/Robotics/final-project-robosoulz/install/qbot_description/share/qbot_description/local_setup.dsv
[0.596s] -- Installing: /home/birajith/Documents/Robotics/final-project-robosoulz/install/qbot_description/share/qbot_description/package.dsv
[0.596s] -- Installing: /home/birajith/Documents/Robotics/final-project-robosoulz/install/qbot_description/share/ament_index/resource_index/packages/qbot_description
[0.597s] -- Installing: /home/birajith/Documents/Robotics/final-project-robosoulz/install/qbot_description/share/qbot_description/cmake/qbot_descriptionConfig.cmake
[0.597s] -- Installing: /home/birajith/Documents/Robotics/final-project-robosoulz/install/qbot_description/share/qbot_description/cmake/qbot_descriptionConfig-version.cmake
[0.597s] -- Installing: /home/birajith/Documents/Robotics/final-project-robosoulz/install/qbot_description/share/qbot_description/package.xml
[0.598s] Invoked command in '/home/birajith/Documents/Robotics/final-project-robosoulz/build/qbot_description' returned '0': CMAKE_PREFIX_PATH=${CMAKE_PREFIX_PATH}:/opt/ros/jazzy DEBUGINFOD_URLS=https://debuginfod.ubuntu.com /usr/bin/cmake --install /home/birajith/Documents/Robotics/final-project-robosoulz/build/qbot_description
