[0.609s] Invoking command in '/home/birajith/Documents/Robotics/final-project-robosoulz/src/qbot_navigation': AMENT_PREFIX_PATH=/home/birajith/Documents/Robotics/final-project-robosoulz/install/qbot_description:/home/birajith/Documents/Robotics/final-project-robosoulz/install/interfaces:${AMENT_PREFIX_PATH} CMAKE_PREFIX_PATH=/home/birajith/Documents/Robotics/final-project-robosoulz/install/qbot_description:/home/birajith/Documents/Robotics/final-project-robosoulz/install/interfaces:${CMAKE_PREFIX_PATH} DEBUGINFOD_URLS=https://debuginfod.ubuntu.com LD_LIBRARY_PATH=/home/birajith/Documents/Robotics/final-project-robosoulz/install/interfaces/lib:${LD_LIBRARY_PATH} PYTHONPATH=/home/birajith/Documents/Robotics/final-project-robosoulz/build/qbot_navigation/prefix_override:/usr/lib/python3/dist-packages/colcon_core/task/python/colcon_distutils_commands:/home/birajith/Documents/Robotics/final-project-robosoulz/install/qbot_navigation/lib/python3.12/site-packages:/home/birajith/Documents/Robotics/final-project-robosoulz/install/interfaces/lib/python3.12/site-packages:${PYTHONPATH} /usr/bin/python3 -W ignore:setup.py install is deprecated -W ignore:easy_install command is deprecated setup.py egg_info --egg-base ../../build/qbot_navigation build --build-base /home/birajith/Documents/Robotics/final-project-robosoulz/build/qbot_navigation/build install --record /home/birajith/Documents/Robotics/final-project-robosoulz/build/qbot_navigation/install.log --single-version-externally-managed install_data
[0.778s] running egg_info
[0.778s] creating ../../build/qbot_navigation/qbot_navigation.egg-info
[0.791s] writing ../../build/qbot_navigation/qbot_navigation.egg-info/PKG-INFO
[0.791s] writing dependency_links to ../../build/qbot_navigation/qbot_navigation.egg-info/dependency_links.txt
[0.791s] writing entry points to ../../build/qbot_navigation/qbot_navigation.egg-info/entry_points.txt
[0.791s] writing requirements to ../../build/qbot_navigation/qbot_navigation.egg-info/requires.txt
[0.791s] writing top-level names to ../../build/qbot_navigation/qbot_navigation.egg-info/top_level.txt
[0.791s] writing manifest file '../../build/qbot_navigation/qbot_navigation.egg-info/SOURCES.txt'
[0.817s] reading manifest file '../../build/qbot_navigation/qbot_navigation.egg-info/SOURCES.txt'
[0.817s] adding license file 'LICENSE'
[0.817s] writing manifest file '../../build/qbot_navigation/qbot_navigation.egg-info/SOURCES.txt'
[0.817s] running build
[0.817s] running build_py
[0.817s] creating /home/birajith/Documents/Robotics/final-project-robosoulz/build/qbot_navigation/build
[0.818s] creating /home/birajith/Documents/Robotics/final-project-robosoulz/build/qbot_navigation/build/lib
[0.818s] creating /home/birajith/Documents/Robotics/final-project-robosoulz/build/qbot_navigation/build/lib/qbot_navigation
[0.818s] copying qbot_navigation/__init__.py -> /home/birajith/Documents/Robotics/final-project-robosoulz/build/qbot_navigation/build/lib/qbot_navigation
[0.818s] copying qbot_navigation/qbot_controller.py -> /home/birajith/Documents/Robotics/final-project-robosoulz/build/qbot_navigation/build/lib/qbot_navigation
[0.818s] copying qbot_navigation/navigation_server.py -> /home/birajith/Documents/Robotics/final-project-robosoulz/build/qbot_navigation/build/lib/qbot_navigation
[0.818s] copying qbot_navigation/mapper_node.py -> /home/birajith/Documents/Robotics/final-project-robosoulz/build/qbot_navigation/build/lib/qbot_navigation
[0.818s] copying qbot_navigation/odom_node.py -> /home/birajith/Documents/Robotics/final-project-robosoulz/build/qbot_navigation/build/lib/qbot_navigation
[0.818s] running install
[0.822s] running install_lib
[0.835s] creating /home/birajith/Documents/Robotics/final-project-robosoulz/install/qbot_navigation/lib/python3.12/site-packages/qbot_navigation
[0.835s] copying /home/birajith/Documents/Robotics/final-project-robosoulz/build/qbot_navigation/build/lib/qbot_navigation/__init__.py -> /home/birajith/Documents/Robotics/final-project-robosoulz/install/qbot_navigation/lib/python3.12/site-packages/qbot_navigation
[0.835s] copying /home/birajith/Documents/Robotics/final-project-robosoulz/build/qbot_navigation/build/lib/qbot_navigation/qbot_controller.py -> /home/birajith/Documents/Robotics/final-project-robosoulz/install/qbot_navigation/lib/python3.12/site-packages/qbot_navigation
[0.835s] copying /home/birajith/Documents/Robotics/final-project-robosoulz/build/qbot_navigation/build/lib/qbot_navigation/navigation_server.py -> /home/birajith/Documents/Robotics/final-project-robosoulz/install/qbot_navigation/lib/python3.12/site-packages/qbot_navigation
[0.835s] copying /home/birajith/Documents/Robotics/final-project-robosoulz/build/qbot_navigation/build/lib/qbot_navigation/mapper_node.py -> /home/birajith/Documents/Robotics/final-project-robosoulz/install/qbot_navigation/lib/python3.12/site-packages/qbot_navigation
[0.835s] copying /home/birajith/Documents/Robotics/final-project-robosoulz/build/qbot_navigation/build/lib/qbot_navigation/odom_node.py -> /home/birajith/Documents/Robotics/final-project-robosoulz/install/qbot_navigation/lib/python3.12/site-packages/qbot_navigation
[0.835s] byte-compiling /home/birajith/Documents/Robotics/final-project-robosoulz/install/qbot_navigation/lib/python3.12/site-packages/qbot_navigation/__init__.py to __init__.cpython-312.pyc
[0.835s] byte-compiling /home/birajith/Documents/Robotics/final-project-robosoulz/install/qbot_navigation/lib/python3.12/site-packages/qbot_navigation/qbot_controller.py to qbot_controller.cpython-312.pyc
[0.836s] byte-compiling /home/birajith/Documents/Robotics/final-project-robosoulz/install/qbot_navigation/lib/python3.12/site-packages/qbot_navigation/navigation_server.py to navigation_server.cpython-312.pyc
[0.837s] byte-compiling /home/birajith/Documents/Robotics/final-project-robosoulz/install/qbot_navigation/lib/python3.12/site-packages/qbot_navigation/mapper_node.py to mapper_node.cpython-312.pyc
[0.838s] byte-compiling /home/birajith/Documents/Robotics/final-project-robosoulz/install/qbot_navigation/lib/python3.12/site-packages/qbot_navigation/odom_node.py to odom_node.cpython-312.pyc
[0.839s] running install_data
[0.839s] creating /home/birajith/Documents/Robotics/final-project-robosoulz/install/qbot_navigation/share/ament_index
[0.839s] creating /home/birajith/Documents/Robotics/final-project-robosoulz/install/qbot_navigation/share/ament_index/resource_index
[0.839s] creating /home/birajith/Documents/Robotics/final-project-robosoulz/install/qbot_navigation/share/ament_index/resource_index/packages
[0.839s] copying resource/qbot_navigation -> /home/birajith/Documents/Robotics/final-project-robosoulz/install/qbot_navigation/share/ament_index/resource_index/packages
[0.839s] copying package.xml -> /home/birajith/Documents/Robotics/final-project-robosoulz/install/qbot_navigation/share/qbot_navigation
[0.839s] creating /home/birajith/Documents/Robotics/final-project-robosoulz/install/qbot_navigation/share/qbot_navigation/launch
[0.839s] copying launch/lab_06_gznew_launch.py -> /home/birajith/Documents/Robotics/final-project-robosoulz/install/qbot_navigation/share/qbot_navigation/launch
[0.839s] copying launch/lab_06_gazebo_launch.py -> /home/birajith/Documents/Robotics/final-project-robosoulz/install/qbot_navigation/share/qbot_navigation/launch
[0.839s] copying launch/lab_06_rviz_launch.py -> /home/birajith/Documents/Robotics/final-project-robosoulz/install/qbot_navigation/share/qbot_navigation/launch
[0.839s] copying launch/lab_06_launch.py -> /home/birajith/Documents/Robotics/final-project-robosoulz/install/qbot_navigation/share/qbot_navigation/launch
[0.839s] copying launch/lab_06_simulation_launch.py -> /home/birajith/Documents/Robotics/final-project-robosoulz/install/qbot_navigation/share/qbot_navigation/launch
[0.839s] creating /home/birajith/Documents/Robotics/final-project-robosoulz/install/qbot_navigation/share/qbot_navigation/config
[0.839s] copying config/slam_toolbox_params.yaml -> /home/birajith/Documents/Robotics/final-project-robosoulz/install/qbot_navigation/share/qbot_navigation/config
[0.839s] running install_egg_info
[0.853s] Copying ../../build/qbot_navigation/qbot_navigation.egg-info to /home/birajith/Documents/Robotics/final-project-robosoulz/install/qbot_navigation/lib/python3.12/site-packages/qbot_navigation-0.0.0-py3.12.egg-info
[0.853s] running install_scripts
[0.939s] Installing mapper_node script to /home/birajith/Documents/Robotics/final-project-robosoulz/install/qbot_navigation/lib/qbot_navigation
[0.939s] Installing navigation_server script to /home/birajith/Documents/Robotics/final-project-robosoulz/install/qbot_navigation/lib/qbot_navigation
[0.939s] Installing odom_node script to /home/birajith/Documents/Robotics/final-project-robosoulz/install/qbot_navigation/lib/qbot_navigation
[0.939s] Installing qbot_controller script to /home/birajith/Documents/Robotics/final-project-robosoulz/install/qbot_navigation/lib/qbot_navigation
[0.939s] writing list of installed files to '/home/birajith/Documents/Robotics/final-project-robosoulz/build/qbot_navigation/install.log'
[0.955s] Invoked command in '/home/birajith/Documents/Robotics/final-project-robosoulz/src/qbot_navigation' returned '0': AMENT_PREFIX_PATH=/home/birajith/Documents/Robotics/final-project-robosoulz/install/qbot_description:/home/birajith/Documents/Robotics/final-project-robosoulz/install/interfaces:${AMENT_PREFIX_PATH} CMAKE_PREFIX_PATH=/home/birajith/Documents/Robotics/final-project-robosoulz/install/qbot_description:/home/birajith/Documents/Robotics/final-project-robosoulz/install/interfaces:${CMAKE_PREFIX_PATH} DEBUGINFOD_URLS=https://debuginfod.ubuntu.com LD_LIBRARY_PATH=/home/birajith/Documents/Robotics/final-project-robosoulz/install/interfaces/lib:${LD_LIBRARY_PATH} PYTHONPATH=/home/birajith/Documents/Robotics/final-project-robosoulz/build/qbot_navigation/prefix_override:/usr/lib/python3/dist-packages/colcon_core/task/python/colcon_distutils_commands:/home/birajith/Documents/Robotics/final-project-robosoulz/install/qbot_navigation/lib/python3.12/site-packages:/home/birajith/Documents/Robotics/final-project-robosoulz/install/interfaces/lib/python3.12/site-packages:${PYTHONPATH} /usr/bin/python3 -W ignore:setup.py install is deprecated -W ignore:easy_install command is deprecated setup.py egg_info --egg-base ../../build/qbot_navigation build --build-base /home/birajith/Documents/Robotics/final-project-robosoulz/build/qbot_navigation/build install --record /home/birajith/Documents/Robotics/final-project-robosoulz/build/qbot_navigation/install.log --single-version-externally-managed install_data
