/home/birajith/Documents/Robotics/final-project-robosoulz/install/qbot_navigation/lib/python3.12/site-packages/qbot_navigation/__init__.py
/home/birajith/Documents/Robotics/final-project-robosoulz/install/qbot_navigation/lib/python3.12/site-packages/qbot_navigation/qbot_controller.py
/home/birajith/Documents/Robotics/final-project-robosoulz/install/qbot_navigation/lib/python3.12/site-packages/qbot_navigation/navigation_server.py
/home/birajith/Documents/Robotics/final-project-robosoulz/install/qbot_navigation/lib/python3.12/site-packages/qbot_navigation/mapper_node.py
/home/birajith/Documents/Robotics/final-project-robosoulz/install/qbot_navigation/lib/python3.12/site-packages/qbot_navigation/odom_node.py
/home/birajith/Documents/Robotics/final-project-robosoulz/install/qbot_navigation/lib/python3.12/site-packages/qbot_navigation/__pycache__/__init__.cpython-312.pyc
/home/birajith/Documents/Robotics/final-project-robosoulz/install/qbot_navigation/lib/python3.12/site-packages/qbot_navigation/__pycache__/qbot_controller.cpython-312.pyc
/home/birajith/Documents/Robotics/final-project-robosoulz/install/qbot_navigation/lib/python3.12/site-packages/qbot_navigation/__pycache__/navigation_server.cpython-312.pyc
/home/birajith/Documents/Robotics/final-project-robosoulz/install/qbot_navigation/lib/python3.12/site-packages/qbot_navigation/__pycache__/mapper_node.cpython-312.pyc
/home/birajith/Documents/Robotics/final-project-robosoulz/install/qbot_navigation/lib/python3.12/site-packages/qbot_navigation/__pycache__/odom_node.cpython-312.pyc
/home/birajith/Documents/Robotics/final-project-robosoulz/install/qbot_navigation/share/ament_index/resource_index/packages/qbot_navigation
/home/birajith/Documents/Robotics/final-project-robosoulz/install/qbot_navigation/share/qbot_navigation/package.xml
/home/birajith/Documents/Robotics/final-project-robosoulz/install/qbot_navigation/share/qbot_navigation/launch/lab_06_gznew_launch.py
/home/birajith/Documents/Robotics/final-project-robosoulz/install/qbot_navigation/share/qbot_navigation/launch/lab_06_gazebo_launch.py
/home/birajith/Documents/Robotics/final-project-robosoulz/install/qbot_navigation/share/qbot_navigation/launch/lab_06_rviz_launch.py
/home/birajith/Documents/Robotics/final-project-robosoulz/install/qbot_navigation/share/qbot_navigation/launch/lab_06_launch.py
/home/birajith/Documents/Robotics/final-project-robosoulz/install/qbot_navigation/share/qbot_navigation/launch/lab_06_simulation_launch.py
/home/birajith/Documents/Robotics/final-project-robosoulz/install/qbot_navigation/share/qbot_navigation/config/slam_toolbox_params.yaml
/home/birajith/Documents/Robotics/final-project-robosoulz/install/qbot_navigation/lib/python3.12/site-packages/qbot_navigation-0.0.0-py3.12.egg-info/zip-safe
/home/birajith/Documents/Robotics/final-project-robosoulz/install/qbot_navigation/lib/python3.12/site-packages/qbot_navigation-0.0.0-py3.12.egg-info/SOURCES.txt
/home/birajith/Documents/Robotics/final-project-robosoulz/install/qbot_navigation/lib/python3.12/site-packages/qbot_navigation-0.0.0-py3.12.egg-info/dependency_links.txt
/home/birajith/Documents/Robotics/final-project-robosoulz/install/qbot_navigation/lib/python3.12/site-packages/qbot_navigation-0.0.0-py3.12.egg-info/top_level.txt
/home/birajith/Documents/Robotics/final-project-robosoulz/install/qbot_navigation/lib/python3.12/site-packages/qbot_navigation-0.0.0-py3.12.egg-info/PKG-INFO
/home/birajith/Documents/Robotics/final-project-robosoulz/install/qbot_navigation/lib/python3.12/site-packages/qbot_navigation-0.0.0-py3.12.egg-info/requires.txt
/home/birajith/Documents/Robotics/final-project-robosoulz/install/qbot_navigation/lib/python3.12/site-packages/qbot_navigation-0.0.0-py3.12.egg-info/entry_points.txt
/home/birajith/Documents/Robotics/final-project-robosoulz/install/qbot_navigation/lib/qbot_navigation/mapper_node
/home/birajith/Documents/Robotics/final-project-robosoulz/install/qbot_navigation/lib/qbot_navigation/navigation_server
/home/birajith/Documents/Robotics/final-project-robosoulz/install/qbot_navigation/lib/qbot_navigation/odom_node
/home/birajith/Documents/Robotics/final-project-robosoulz/install/qbot_navigation/lib/qbot_navigation/qbot_controller
